Build started 8/27/2017 9:37:24 PM.
     1>Project "C:\Users\SAURABH\Documents\C++ practice\primeno\primeno\primeno.vcxproj" on node 2 (build target(s)).
     1>PrepareForBuild:
         Creating directory "C:\Users\SAURABH\Documents\C++ practice\primeno\Debug\".
       InitializeBuildStatus:
         Creating "Debug\primeno.unsuccessfulbuild" because "AlwaysCreate" was specified.
       ClCompile:
         c:\Program Files (x86)\Microsoft Visual Studio 10.0\VC\bin\CL.exe /c /ZI /nologo /W3 /WX- /Od /Oy- /D WIN32 /D _DEBUG /D _CONSOLE /D _UNICODE /D UNICODE /Gm /EHsc /RTC1 /MDd /GS /fp:precise /Zc:wchar_t /Zc:forScope /Yc"StdAfx.h" /Fp"Debug\primeno.pch" /Fo"Debug\\" /Fd"Debug\vc100.pdb" /Gd /TP /analyze- /errorReport:prompt stdafx.cpp
         stdafx.cpp
         c:\Program Files (x86)\Microsoft Visual Studio 10.0\VC\bin\CL.exe /c /ZI /nologo /W3 /WX- /Od /Oy- /D WIN32 /D _DEBUG /D _CONSOLE /D _UNICODE /D UNICODE /Gm /EHsc /RTC1 /MDd /GS /fp:precise /Zc:wchar_t /Zc:forScope /Yu"StdAfx.h" /Fp"Debug\primeno.pch" /Fo"Debug\\" /Fd"Debug\vc100.pdb" /Gd /TP /analyze- /errorReport:prompt primeno.cpp
         primeno.cpp
       ManifestResourceCompile:
         c:\Program Files (x86)\Microsoft SDKs\Windows\v7.0A\bin\rc.exe /nologo /fo"Debug\primeno.exe.embed.manifest.res" Debug\primeno_manifest.rc 
       Link:
         c:\Program Files (x86)\Microsoft Visual Studio 10.0\VC\bin\link.exe /ERRORREPORT:PROMPT /OUT:"C:\Users\SAURABH\Documents\C++ practice\primeno\Debug\primeno.exe" /INCREMENTAL /NOLOGO kernel32.lib user32.lib gdi32.lib winspool.lib comdlg32.lib advapi32.lib shell32.lib ole32.lib oleaut32.lib uuid.lib odbc32.lib odbccp32.lib /MANIFEST /ManifestFile:"Debug\primeno.exe.intermediate.manifest" /MANIFESTUAC:"level='asInvoker' uiAccess='false'" /DEBUG /PDB:"C:\Users\SAURABH\Documents\C++ practice\primeno\Debug\primeno.pdb" /SUBSYSTEM:CONSOLE /TLBID:1 /DYNAMICBASE /NXCOMPAT /IMPLIB:"C:\Users\SAURABH\Documents\C++ practice\primeno\Debug\primeno.lib" /MACHINE:X86 Debug\primeno.exe.embed.manifest.res
         Debug\primeno.obj
         Debug\stdafx.obj
       Manifest:
         c:\Program Files (x86)\Microsoft SDKs\Windows\v7.0A\bin\mt.exe /nologo /verbose /out:"Debug\primeno.exe.embed.manifest" /manifest Debug\primeno.exe.intermediate.manifest
         c:\Program Files (x86)\Microsoft SDKs\Windows\v7.0A\bin\rc.exe /nologo /fo"Debug\primeno.exe.embed.manifest.res" Debug\primeno_manifest.rc 
       LinkEmbedManifest:
         c:\Program Files (x86)\Microsoft Visual Studio 10.0\VC\bin\link.exe /ERRORREPORT:PROMPT /OUT:"C:\Users\SAURABH\Documents\C++ practice\primeno\Debug\primeno.exe" /INCREMENTAL /NOLOGO kernel32.lib user32.lib gdi32.lib winspool.lib comdlg32.lib advapi32.lib shell32.lib ole32.lib oleaut32.lib uuid.lib odbc32.lib odbccp32.lib /MANIFEST /ManifestFile:"Debug\primeno.exe.intermediate.manifest" /MANIFESTUAC:"level='asInvoker' uiAccess='false'" /DEBUG /PDB:"C:\Users\SAURABH\Documents\C++ practice\primeno\Debug\primeno.pdb" /SUBSYSTEM:CONSOLE /TLBID:1 /DYNAMICBASE /NXCOMPAT /IMPLIB:"C:\Users\SAURABH\Documents\C++ practice\primeno\Debug\primeno.lib" /MACHINE:X86 Debug\primeno.exe.embed.manifest.res
         Debug\primeno.obj
         Debug\stdafx.obj
         primeno.vcxproj -> C:\Users\SAURABH\Documents\C++ practice\primeno\Debug\primeno.exe
       FinalizeBuildStatus:
         Deleting file "Debug\primeno.unsuccessfulbuild".
         Touching "Debug\primeno.lastbuildstate".
     1>Done Building Project "C:\Users\SAURABH\Documents\C++ practice\primeno\primeno\primeno.vcxproj" (build target(s)).

Build succeeded.

Time Elapsed 00:00:01.73
