Build started 9/13/2017 2:14:17 AM.
     1>Project "C:\Users\SAURABH\Documents\C++ practice\selection sort\selection sort\selection sort.vcxproj" on node 2 (build target(s)).
     1>InitializeBuildStatus:
         Creating "Debug\selection sort.unsuccessfulbuild" because "AlwaysCreate" was specified.
       ClCompile:
         All outputs are up-to-date.
         c:\Program Files (x86)\Microsoft Visual Studio 10.0\VC\bin\CL.exe /c /ZI /nologo /W3 /WX- /Od /Oy- /D WIN32 /D _DEBUG /D _CONSOLE /D _UNICODE /D UNICODE /Gm /EHsc /RTC1 /MDd /GS /fp:precise /Zc:wchar_t /Zc:forScope /Yu"StdAfx.h" /Fp"Debug\selection sort.pch" /Fo"Debug\\" /Fd"Debug\vc100.pdb" /Gd /TP /analyze- /errorReport:prompt "selection sort.cpp"
         selection sort.cpp
     1>c:\users\saurabh\documents\c++ practice\selection sort\selection sort\selection sort.cpp(101): error C2440: '=' : cannot convert from 'node **' to 'int'
                 There is no context in which this conversion is possible
     1>c:\users\saurabh\documents\c++ practice\selection sort\selection sort\selection sort.cpp(102): error C2440: '=' : cannot convert from 'node **' to 'int'
                 There is no context in which this conversion is possible
     1>c:\users\saurabh\documents\c++ practice\selection sort\selection sort\selection sort.cpp(106): error C2440: '=' : cannot convert from 'int' to 'node *'
                 Conversion from integral type to pointer type requires reinterpret_cast, C-style cast or function-style cast
     1>c:\users\saurabh\documents\c++ practice\selection sort\selection sort\selection sort.cpp(107): error C2440: '=' : cannot convert from 'int' to 'node *'
                 Conversion from integral type to pointer type requires reinterpret_cast, C-style cast or function-style cast
     1>c:\users\saurabh\documents\c++ practice\selection sort\selection sort\selection sort.cpp(109): error C2440: '=' : cannot convert from 'int' to 'node *'
                 Conversion from integral type to pointer type requires reinterpret_cast, C-style cast or function-style cast
     1>c:\users\saurabh\documents\c++ practice\selection sort\selection sort\selection sort.cpp(114): error C2440: '=' : cannot convert from 'node **' to 'int'
                 There is no context in which this conversion is possible
     1>c:\users\saurabh\documents\c++ practice\selection sort\selection sort\selection sort.cpp(115): error C2440: '=' : cannot convert from 'node **' to 'int'
                 There is no context in which this conversion is possible
     1>c:\users\saurabh\documents\c++ practice\selection sort\selection sort\selection sort.cpp(118): error C2440: '=' : cannot convert from 'int' to 'node *'
                 Conversion from integral type to pointer type requires reinterpret_cast, C-style cast or function-style cast
     1>c:\users\saurabh\documents\c++ practice\selection sort\selection sort\selection sort.cpp(119): error C2440: '=' : cannot convert from 'int' to 'node *'
                 Conversion from integral type to pointer type requires reinterpret_cast, C-style cast or function-style cast
     1>c:\users\saurabh\documents\c++ practice\selection sort\selection sort\selection sort.cpp(121): error C2440: '=' : cannot convert from 'int' to 'node *'
                 Conversion from integral type to pointer type requires reinterpret_cast, C-style cast or function-style cast
     1>Done Building Project "C:\Users\SAURABH\Documents\C++ practice\selection sort\selection sort\selection sort.vcxproj" (build target(s)) -- FAILED.

Build FAILED.

Time Elapsed 00:00:00.65
