C:\USERS\SAURABH\DOCUMENTS\C++ PRACTICE\SELECTION SORT\DEBUG\SELECTION SORT.EXE
C:\USERS\SAURABH\DOCUMENTS\C++ PRACTICE\SELECTION SORT\DEBUG\SELECTION SORT.ILK
C:\USERS\SAURABH\DOCUMENTS\C++ PRACTICE\SELECTION SORT\DEBUG\SELECTION SORT.PDB
C:\Users\SAURABH\Documents\C++ practice\selection sort\selection sort\Debug\cl.command.1.tlog
C:\Users\SAURABH\Documents\C++ practice\selection sort\selection sort\Debug\CL.read.1.tlog
C:\Users\SAURABH\Documents\C++ practice\selection sort\selection sort\Debug\CL.write.1.tlog
C:\Users\SAURABH\Documents\C++ practice\selection sort\selection sort\Debug\link.7456.read.1.tlog
C:\Users\SAURABH\Documents\C++ practice\selection sort\selection sort\Debug\link.7456.write.1.tlog
C:\Users\SAURABH\Documents\C++ practice\selection sort\selection sort\Debug\link.7456-cvtres.read.1.tlog
C:\Users\SAURABH\Documents\C++ practice\selection sort\selection sort\Debug\link.7456-cvtres.write.1.tlog
C:\Users\SAURABH\Documents\C++ practice\selection sort\selection sort\Debug\link.command.1.tlog
C:\Users\SAURABH\Documents\C++ practice\selection sort\selection sort\Debug\link.read.1.tlog
C:\Users\SAURABH\Documents\C++ practice\selection sort\selection sort\Debug\link.write.1.tlog
C:\Users\SAURABH\Documents\C++ practice\selection sort\selection sort\Debug\link-cvtres.read.1.tlog
C:\Users\SAURABH\Documents\C++ practice\selection sort\selection sort\Debug\link-cvtres.write.1.tlog
C:\Users\SAURABH\Documents\C++ practice\selection sort\selection sort\Debug\mt.command.1.tlog
C:\Users\SAURABH\Documents\C++ practice\selection sort\selection sort\Debug\mt.read.1.tlog
C:\Users\SAURABH\Documents\C++ practice\selection sort\selection sort\Debug\mt.write.1.tlog
C:\Users\SAURABH\Documents\C++ practice\selection sort\selection sort\Debug\rc.command.1.tlog
C:\Users\SAURABH\Documents\C++ practice\selection sort\selection sort\Debug\rc.read.1.tlog
C:\Users\SAURABH\Documents\C++ practice\selection sort\selection sort\Debug\rc.write.1.tlog
C:\USERS\SAURABH\DOCUMENTS\C++ PRACTICE\SELECTION SORT\SELECTION SORT\DEBUG\SELECTION SORT.EXE.EMBED.MANIFEST
C:\USERS\SAURABH\DOCUMENTS\C++ PRACTICE\SELECTION SORT\SELECTION SORT\DEBUG\SELECTION SORT.EXE.EMBED.MANIFEST.RES
C:\USERS\SAURABH\DOCUMENTS\C++ PRACTICE\SELECTION SORT\SELECTION SORT\DEBUG\SELECTION SORT.EXE.INTERMEDIATE.MANIFEST
C:\USERS\SAURABH\DOCUMENTS\C++ PRACTICE\SELECTION SORT\SELECTION SORT\DEBUG\SELECTION SORT.OBJ
C:\USERS\SAURABH\DOCUMENTS\C++ PRACTICE\SELECTION SORT\SELECTION SORT\DEBUG\SELECTION SORT.PCH
C:\Users\SAURABH\Documents\C++ practice\selection sort\selection sort\Debug\selection sort.write.1.tlog
C:\Users\SAURABH\Documents\C++ practice\selection sort\selection sort\Debug\selection sort_manifest.rc
C:\USERS\SAURABH\DOCUMENTS\C++ PRACTICE\SELECTION SORT\SELECTION SORT\DEBUG\STDAFX.OBJ
C:\Users\SAURABH\Documents\C++ practice\selection sort\selection sort\Debug\vc100.idb
C:\USERS\SAURABH\DOCUMENTS\C++ PRACTICE\SELECTION SORT\SELECTION SORT\DEBUG\VC100.PDB
